root
 |-- domain: string (nullable = true)
 |-- trigger: string (nullable = true)
 |-- category_name: string (nullable = true)
 |-- confidence_id: string (nullable = true)
 |-- uri: string (nullable = true)

root
 |-- domain: string (nullable = true)
 |-- trigger: string (nullable = true)
 |-- category_name: string (nullable = true)
 |-- confidence_id: string (nullable = true)
 |-- uri: string (nullable = true)
 |-- url: string (nullable = true)

root
 |-- url: string (nullable = true)
 |-- ynverified: integer (nullable = true)
 |-- url_length: integer (nullable = true)
 |-- massiveurl: integer (nullable = true)
 |-- count_at: integer (nullable = true)
 |-- count_dot: integer (nullable = true)
 |-- url_is_ip: integer (nullable = true)
 |-- count_dot_com: integer (nullable = true)
 |-- url_kl_en: double (nullable = true)
 |-- url_bad_kl_en: integer (nullable = true)
 |-- url_ks_en: double (nullable = true)
 |-- url_bad_ks_en: integer (nullable = true)
 |-- url_kl_phish: double (nullable = true)
 |-- url_bad_kl_phish: integer (nullable = true)
 |-- url_ks_phish: double (nullable = true)
 |-- url_bad_ks_phish: integer (nullable = true)
 |-- url_bad_words_domain: integer (nullable = true)
 |-- url_entropy_en: float (nullable = true)
 |-- url_bad_entropy_en: integer (nullable = true)
 |-- url_entropy_phish: float (nullable = true)
 |-- url_bad_entropy_phish: integer (nullable = true)

root
 |-- count_at: long (nullable = true)
 |-- count_dot: long (nullable = true)
 |-- count_dot_com: long (nullable = true)
 |-- massiveurl: long (nullable = true)
 |-- url: string (nullable = true)
 |-- url_bad_entropy_en: long (nullable = true)
 |-- url_bad_entropy_phish: long (nullable = true)
 |-- url_bad_kl_en: long (nullable = true)
 |-- url_bad_kl_phish: long (nullable = true)
 |-- url_bad_ks_en: long (nullable = true)
 |-- url_bad_ks_phish: long (nullable = true)
 |-- url_bad_words_domain: long (nullable = true)
 |-- url_entropy_en: double (nullable = true)
 |-- url_entropy_phish: double (nullable = true)
 |-- url_is_ip: long (nullable = true)
 |-- url_kl_en: double (nullable = true)
 |-- url_kl_phish: double (nullable = true)
 |-- url_ks_en: double (nullable = true)
 |-- url_ks_phish: double (nullable = true)
 |-- url_length: long (nullable = true)
 |-- ynverified: long (nullable = true)

root
 |-- url: string (nullable = true)
 |-- ynverified: integer (nullable = true)
 |-- url_length: integer (nullable = true)
 |-- massiveurl: integer (nullable = true)
 |-- count_at: integer (nullable = true)
 |-- count_dot: integer (nullable = true)
 |-- url_is_ip: integer (nullable = true)
 |-- count_dot_com: integer (nullable = true)
 |-- url_kl_en: double (nullable = true)
 |-- url_bad_kl_en: integer (nullable = true)
 |-- url_ks_en: double (nullable = true)
 |-- url_bad_ks_en: integer (nullable = true)
 |-- url_kl_phish: double (nullable = true)
 |-- url_bad_kl_phish: integer (nullable = true)
 |-- url_ks_phish: double (nullable = true)
 |-- url_bad_ks_phish: integer (nullable = true)
 |-- url_bad_words_domain: integer (nullable = true)
 |-- url_entropy_en: double (nullable = true)
 |-- url_bad_entropy_en: integer (nullable = true)
 |-- url_entropy_phish: double (nullable = true)
 |-- url_bad_entropy_phish: integer (nullable = true)

